C:\Peach3\3rdParty\pyew-2.0\distorm64\build\win32\dll\cl.command.1.tlog
C:\Peach3\3rdParty\pyew-2.0\distorm64\build\win32\dll\CL.read.1.tlog
C:\Peach3\3rdParty\pyew-2.0\distorm64\build\win32\dll\CL.write.1.tlog
C:\PEACH3\3RDPARTY\PYEW-2.0\DISTORM64\BUILD\WIN32\DLL\DECODER.OBJ
C:\PEACH3\3RDPARTY\PYEW-2.0\DISTORM64\BUILD\WIN32\DLL\DISTORM.OBJ
C:\PEACH3\3RDPARTY\PYEW-2.0\DISTORM64\BUILD\WIN32\DLL\DYNDISTORM.DLL.INTERMEDIATE.MANIFEST
C:\Peach3\3rdParty\pyew-2.0\distorm64\build\win32\dll\dyndistorm.exp
C:\Peach3\3rdParty\pyew-2.0\distorm64\build\win32\dll\dyndistorm.lib
C:\Peach3\3rdParty\pyew-2.0\distorm64\build\win32\dll\dyndistorm.write.1.tlog
C:\PEACH3\3RDPARTY\PYEW-2.0\DISTORM64\BUILD\WIN32\DLL\INSTRUCTIONS.OBJ
C:\PEACH3\3RDPARTY\PYEW-2.0\DISTORM64\BUILD\WIN32\DLL\INSTS.OBJ
C:\Peach3\3rdParty\pyew-2.0\distorm64\build\win32\dll\link.command.1.tlog
C:\Peach3\3rdParty\pyew-2.0\distorm64\build\win32\dll\link.read.1.tlog
C:\Peach3\3rdParty\pyew-2.0\distorm64\build\win32\dll\link.write.1.tlog
C:\Peach3\3rdParty\pyew-2.0\distorm64\build\win32\dll\link-cvtres.read.1.tlog
C:\Peach3\3rdParty\pyew-2.0\distorm64\build\win32\dll\link-cvtres.write.1.tlog
C:\Peach3\3rdParty\pyew-2.0\distorm64\build\win32\dll\mt.command.1.tlog
C:\Peach3\3rdParty\pyew-2.0\distorm64\build\win32\dll\mt.read.1.tlog
C:\Peach3\3rdParty\pyew-2.0\distorm64\build\win32\dll\mt.write.1.tlog
C:\PEACH3\3RDPARTY\PYEW-2.0\DISTORM64\BUILD\WIN32\DLL\OPERANDS.OBJ
C:\PEACH3\3RDPARTY\PYEW-2.0\DISTORM64\BUILD\WIN32\DLL\PREFIX.OBJ
C:\Peach3\3rdParty\pyew-2.0\distorm64\build\win32\dll\rc.command.1.tlog
C:\Peach3\3rdParty\pyew-2.0\distorm64\build\win32\dll\rc.read.1.tlog
C:\Peach3\3rdParty\pyew-2.0\distorm64\build\win32\dll\rc.write.1.tlog
C:\PEACH3\3RDPARTY\PYEW-2.0\DISTORM64\BUILD\WIN32\DLL\RESOURCE.RES
C:\PEACH3\3RDPARTY\PYEW-2.0\DISTORM64\BUILD\WIN32\DLL\TEXTDEFS.OBJ
C:\PEACH3\3RDPARTY\PYEW-2.0\DISTORM64\BUILD\WIN32\DLL\VC100.PDB
C:\PEACH3\3RDPARTY\PYEW-2.0\DISTORM64\BUILD\WIN32\DLL\WSTRING.OBJ
C:\PEACH3\3RDPARTY\PYEW-2.0\DISTORM64\BUILD\WIN32\DLL\X86DEFS.OBJ
C:\PEACH3\3RDPARTY\PYEW-2.0\DISTORM64\DISTORM64.DLL
