Build started 7/13/2012 4:44:48 PM.
     1>Project "C:\Peach3\3rdParty\pyew-2.0\distorm64\build\win32\dyndistorm.vcxproj" on node 4 (rebuild target(s)).
     1>_PrepareForClean:
         Deleting file "dll\dyndistorm.lastbuildstate".
       InitializeBuildStatus:
         Creating "dll\dyndistorm.unsuccessfulbuild" because "AlwaysCreate" was specified.
       ClCompile:
         c:\Program Files (x86)\Microsoft Visual Studio 10.0\VC\bin\CL.exe /c /Zi /nologo /W3 /WX- /Ox /Ot /Oy- /GL /D WIN32 /D NDEBUG /D SUPPORT_64BIT_OFFSET /D _WINDLL /Gm- /MD /GS /fp:precise /Zc:wchar_t /Zc:forScope /Fo"dll\\" /Fd"dll\vc100.pdb" /Gd /TC /analyze- /errorReport:prompt ..\..\src\decoder.c ..\..\src\distorm.c ..\..\src\instructions.c ..\..\src\insts.c ..\..\src\operands.c ..\..\src\prefix.c ..\..\src\textdefs.c ..\..\src\wstring.c ..\..\src\x86defs.c
         decoder.c
         distorm.c
         instructions.c
         insts.c
         operands.c
         prefix.c
         textdefs.c
         wstring.c
         x86defs.c
       ResourceCompile:
         C:\Program Files (x86)\Microsoft SDKs\Windows\v7.0A\bin\rc.exe /l"0x0409" /nologo /fo"dll\resource.res" resource.rc 
     1>C:\Program Files (x86)\MSBuild\Microsoft.Cpp\v4.0\Microsoft.CppBuild.targets(990,5): warning MSB8012: TargetPath(C:\Peach3\3rdParty\pyew-2.0\distorm64\build\win32\dll\dyndistorm.dll) does not match the Linker's OutputFile property value (C:\Peach3\3rdParty\pyew-2.0\distorm64\distorm64.dll). This may cause your project to build incorrectly. To correct this, please make sure that $(OutDir), $(TargetName) and $(TargetExt) property values match the value specified in %(Link.OutputFile).
     1>C:\Program Files (x86)\MSBuild\Microsoft.Cpp\v4.0\Microsoft.CppBuild.targets(992,5): warning MSB8012: TargetName(dyndistorm) does not match the Linker's OutputFile property value (distorm64). This may cause your project to build incorrectly. To correct this, please make sure that $(OutDir), $(TargetName) and $(TargetExt) property values match the value specified in %(Link.OutputFile).
       Link:
         c:\Program Files (x86)\Microsoft Visual Studio 10.0\VC\bin\link.exe /ERRORREPORT:PROMPT /OUT:"../../distorm64.dll" /INCREMENTAL:NO /NOLOGO kernel32.lib user32.lib gdi32.lib winspool.lib comdlg32.lib advapi32.lib shell32.lib ole32.lib oleaut32.lib uuid.lib odbc32.lib odbccp32.lib /MANIFEST /ManifestFile:"dll\dyndistorm.dll.intermediate.manifest" /MANIFESTUAC:"level='asInvoker' uiAccess='false'" /PDB:"C:\Peach3\3rdParty\pyew-2.0\distorm64\build\win32\dll\dyndistorm.pdb" /SUBSYSTEM:WINDOWS /OPT:REF /OPT:ICF /LTCG /TLBID:1 /DYNAMICBASE /NXCOMPAT /IMPLIB:"C:\Peach3\3rdParty\pyew-2.0\distorm64\build\win32\dll\dyndistorm.lib" /MACHINE:X86 /DLL dll\resource.res
         dll\decoder.obj
         dll\distorm.obj
         dll\instructions.obj
         dll\insts.obj
         dll\operands.obj
         dll\prefix.obj
         dll\textdefs.obj
         dll\wstring.obj
         dll\x86defs.obj
            Creating library C:\Peach3\3rdParty\pyew-2.0\distorm64\build\win32\dll\dyndistorm.lib and object C:\Peach3\3rdParty\pyew-2.0\distorm64\build\win32\dll\dyndistorm.exp
         Generating code
         Finished generating code
         dyndistorm.vcxproj -> C:\Peach3\3rdParty\pyew-2.0\distorm64\build\win32\dll\dyndistorm.dll
       Manifest:
         C:\Program Files (x86)\Microsoft SDKs\Windows\v7.0A\bin\mt.exe /nologo /verbose /outputresource:"../../distorm64.dll;#2" /manifest dll\dyndistorm.dll.intermediate.manifest
       FinalizeBuildStatus:
         Deleting file "dll\dyndistorm.unsuccessfulbuild".
         Touching "dll\dyndistorm.lastbuildstate".
     1>Done Building Project "C:\Peach3\3rdParty\pyew-2.0\distorm64\build\win32\dyndistorm.vcxproj" (rebuild target(s)).

Build succeeded.

Time Elapsed 00:00:01.05
