C:\Peach3\3rdParty\pyew-2.0\distorm64\build\win32\py25\cl.command.1.tlog
C:\Peach3\3rdParty\pyew-2.0\distorm64\build\win32\py25\CL.read.1.tlog
C:\Peach3\3rdParty\pyew-2.0\distorm64\build\win32\py25\CL.write.1.tlog
C:\PEACH3\3RDPARTY\PYEW-2.0\DISTORM64\BUILD\WIN32\PY25\DECODER.OBJ
C:\PEACH3\3RDPARTY\PYEW-2.0\DISTORM64\BUILD\WIN32\PY25\INSTRUCTIONS.OBJ
C:\PEACH3\3RDPARTY\PYEW-2.0\DISTORM64\BUILD\WIN32\PY25\INSTS.OBJ
C:\Peach3\3rdParty\pyew-2.0\distorm64\build\win32\py25\link.command.1.tlog
C:\Peach3\3rdParty\pyew-2.0\distorm64\build\win32\py25\link.read.1.tlog
C:\Peach3\3rdParty\pyew-2.0\distorm64\build\win32\py25\link.write.1.tlog
C:\Peach3\3rdParty\pyew-2.0\distorm64\build\win32\py25\link-cvtres.read.1.tlog
C:\Peach3\3rdParty\pyew-2.0\distorm64\build\win32\py25\link-cvtres.write.1.tlog
C:\Peach3\3rdParty\pyew-2.0\distorm64\build\win32\py25\mt.command.1.tlog
C:\Peach3\3rdParty\pyew-2.0\distorm64\build\win32\py25\mt.read.1.tlog
C:\Peach3\3rdParty\pyew-2.0\distorm64\build\win32\py25\mt.write.1.tlog
C:\PEACH3\3RDPARTY\PYEW-2.0\DISTORM64\BUILD\WIN32\PY25\OPERANDS.OBJ
C:\PEACH3\3RDPARTY\PYEW-2.0\DISTORM64\BUILD\WIN32\PY25\PREFIX.OBJ
C:\PEACH3\3RDPARTY\PYEW-2.0\DISTORM64\BUILD\WIN32\PY25\PYDISTORM.DLL.INTERMEDIATE.MANIFEST
C:\Peach3\3rdParty\pyew-2.0\distorm64\build\win32\py25\pydistorm.exp
C:\Peach3\3rdParty\pyew-2.0\distorm64\build\win32\py25\pydistorm.lib
C:\PEACH3\3RDPARTY\PYEW-2.0\DISTORM64\BUILD\WIN32\PY25\PYDISTORM.OBJ
C:\Peach3\3rdParty\pyew-2.0\distorm64\build\win32\py25\pydistorm.write.1.tlog
C:\Peach3\3rdParty\pyew-2.0\distorm64\build\win32\py25\rc.command.1.tlog
C:\Peach3\3rdParty\pyew-2.0\distorm64\build\win32\py25\rc.read.1.tlog
C:\Peach3\3rdParty\pyew-2.0\distorm64\build\win32\py25\rc.write.1.tlog
C:\PEACH3\3RDPARTY\PYEW-2.0\DISTORM64\BUILD\WIN32\PY25\RESOURCE.RES
C:\PEACH3\3RDPARTY\PYEW-2.0\DISTORM64\BUILD\WIN32\PY25\TEXTDEFS.OBJ
C:\PEACH3\3RDPARTY\PYEW-2.0\DISTORM64\BUILD\WIN32\PY25\VC100.PDB
C:\PEACH3\3RDPARTY\PYEW-2.0\DISTORM64\BUILD\WIN32\PY25\WSTRING.OBJ
C:\PEACH3\3RDPARTY\PYEW-2.0\DISTORM64\BUILD\WIN32\PY25\X86DEFS.OBJ
C:\PYTHON27\DLLS\DISTORM.PYD
